# JRE version: OpenJDK Runtime Environment JBR-11.0.15.10-2043.56-jcef (11.0.15+10) (build 11.0.15+10-b2043.56)
# Java VM: OpenJDK 64-Bit Server VM JBR-11.0.15.10-2043.56-jcef (11.0.15+10-b2043.56, mixed mode, tiered, compressed oops, g1 gc, windows-amd64)
Heap:
 garbage-first heap   total 95232K, used 23924K [0x00000000c1800000, 0x0000000100000000)
  region size 1024K, 2 young (2048K), 2 survivors (2048K)
 Metaspace       used 49242K, capacity 50600K, committed 50716K, reserved 1093632K
  class space    used 6272K, capacity 6795K, committed 6860K, reserved 1048576K
GC Heap History (20 events):
Event: 4.825 GC heap after
{Heap after GC invocations=4 (full 0):
 garbage-first heap   total 65536K, used 10526K [0x00000000c1800000, 0x0000000100000000)
  region size 1024K, 2 young (2048K), 2 survivors (2048K)
 Metaspace       used 20628K, capacity 21103K, committed 21296K, reserved 1069056K
  class space    used 2445K, capacity 2639K, committed 2688K, reserved 1048576K
}
Event: 4.831 GC heap before
{Heap before GC invocations=4 (full 0):
 garbage-first heap   total 65536K, used 10526K [0x00000000c1800000, 0x0000000100000000)
  region size 1024K, 3 young (3072K), 2 survivors (2048K)
 Metaspace       used 20713K, capacity 21199K, committed 21296K, reserved 1069056K
  class space    used 2452K, capacity 2671K, committed 2688K, reserved 1048576K
}
Event: 4.835 GC heap after
{Heap after GC invocations=5 (full 0):
 garbage-first heap   total 65536K, used 10591K [0x00000000c1800000, 0x0000000100000000)
  region size 1024K, 2 young (2048K), 2 survivors (2048K)
 Metaspace       used 20713K, capacity 21199K, committed 21296K, reserved 1069056K
  class space    used 2452K, capacity 2671K, committed 2688K, reserved 1048576K
}
Event: 5.159 GC heap before
{Heap before GC invocations=6 (full 0):
 garbage-first heap   total 65536K, used 31071K [0x00000000c1800000, 0x0000000100000000)
  region size 1024K, 23 young (23552K), 2 survivors (2048K)
 Metaspace       used 24720K, capacity 25435K, committed 25776K, reserved 1071104K
  class space    used 2942K, capacity 3211K, committed 3328K, reserved 1048576K
}
Event: 5.165 GC heap after
{Heap after GC invocations=7 (full 0):
 garbage-first heap   total 65536K, used 11401K [0x00000000c1800000, 0x0000000100000000)
  region size 1024K, 2 young (2048K), 2 survivors (2048K)
 Metaspace       used 24720K, capacity 25435K, committed 25776K, reserved 1071104K
  class space    used 2942K, capacity 3211K, committed 3328K, reserved 1048576K
}
Event: 6.000 GC heap before
{Heap before GC invocations=7 (full 0):
 garbage-first heap   total 65536K, used 33929K [0x00000000c1800000, 0x0000000100000000)
  region size 1024K, 25 young (25600K), 2 survivors (2048K)
 Metaspace       used 26359K, capacity 27101K, committed 27184K, reserved 1073152K
  class space    used 3175K, capacity 3452K, committed 3456K, reserved 1048576K
}
Event: 6.007 GC heap after
{Heap after GC invocations=8 (full 0):
 garbage-first heap   total 65536K, used 12432K [0x00000000c1800000, 0x0000000100000000)
  region size 1024K, 3 young (3072K), 3 survivors (3072K)
 Metaspace       used 26359K, capacity 27101K, committed 27184K, reserved 1073152K
  class space    used 3175K, capacity 3452K, committed 3456K, reserved 1048576K
}
Event: 6.436 GC heap before
{Heap before GC invocations=8 (full 0):
 garbage-first heap   total 65536K, used 37008K [0x00000000c1800000, 0x0000000100000000)
  region size 1024K, 27 young (27648K), 3 survivors (3072K)
 Metaspace       used 27844K, capacity 28772K, committed 29104K, reserved 1075200K
  class space    used 3412K, capacity 3760K, committed 3840K, reserved 1048576K
}
Event: 6.451 GC heap after
{Heap after GC invocations=9 (full 0):
 garbage-first heap   total 65536K, used 13366K [0x00000000c1800000, 0x0000000100000000)
  region size 1024K, 3 young (3072K), 3 survivors (3072K)
 Metaspace       used 27844K, capacity 28772K, committed 29104K, reserved 1075200K
  class space    used 3412K, capacity 3760K, committed 3840K, reserved 1048576K
}
Event: 7.190 GC heap before
{Heap before GC invocations=9 (full 0):
 garbage-first heap   total 65536K, used 38966K [0x00000000c1800000, 0x0000000100000000)
  region size 1024K, 28 young (28672K), 3 survivors (3072K)
 Metaspace       used 30166K, capacity 31130K, committed 31280K, reserved 1077248K
  class space    used 3761K, capacity 4140K, committed 4224K, reserved 1048576K
}
Event: 7.209 GC heap after
{Heap after GC invocations=10 (full 0):
 garbage-first heap   total 65536K, used 14604K [0x00000000c1800000, 0x0000000100000000)
  region size 1024K, 4 young (4096K), 4 survivors (4096K)
 Metaspace       used 30166K, capacity 31130K, committed 31280K, reserved 1077248K
  class space    used 3761K, capacity 4140K, committed 4224K, reserved 1048576K
}
Event: 7.933 GC heap before
{Heap before GC invocations=10 (full 0):
 garbage-first heap   total 65536K, used 40204K [0x00000000c1800000, 0x0000000100000000)
  region size 1024K, 29 young (29696K), 4 survivors (4096K)
 Metaspace       used 34520K, capacity 35611K, committed 35760K, reserved 1081344K
  class space    used 4348K, capacity 4774K, committed 4864K, reserved 1048576K
}
Event: 7.955 GC heap after
{Heap after GC invocations=11 (full 0):
 garbage-first heap   total 78848K, used 16659K [0x00000000c1800000, 0x0000000100000000)
  region size 1024K, 4 young (4096K), 4 survivors (4096K)
 Metaspace       used 34520K, capacity 35611K, committed 35760K, reserved 1081344K
  class space    used 4348K, capacity 4774K, committed 4864K, reserved 1048576K
}
Event: 7.987 GC heap before
{Heap before GC invocations=11 (full 0):
 garbage-first heap   total 78848K, used 17683K [0x00000000c1800000, 0x0000000100000000)
  region size 1024K, 6 young (6144K), 4 survivors (4096K)
 Metaspace       used 34681K, capacity 35850K, committed 35920K, reserved 1081344K
  class space    used 4393K, capacity 4855K, committed 4864K, reserved 1048576K
}
Event: 7.998 GC heap after
{Heap after GC invocations=12 (full 0):
 garbage-first heap   total 78848K, used 17031K [0x00000000c1800000, 0x0000000100000000)
  region size 1024K, 3 young (3072K), 3 survivors (3072K)
 Metaspace       used 34681K, capacity 35850K, committed 35920K, reserved 1081344K
  class space    used 4393K, capacity 4855K, committed 4864K, reserved 1048576K
}
Event: 8.886 GC heap before
{Heap before GC invocations=13 (full 0):
 garbage-first heap   total 78848K, used 48775K [0x00000000c1800000, 0x0000000100000000)
  region size 1024K, 33 young (33792K), 3 survivors (3072K)
 Metaspace       used 37169K, capacity 38354K, committed 38556K, reserved 1083392K
  class space    used 4665K, capacity 5177K, committed 5196K, reserved 1048576K
}
Event: 8.904 GC heap after
{Heap after GC invocations=14 (full 0):
 garbage-first heap   total 78848K, used 18460K [0x00000000c1800000, 0x0000000100000000)
  region size 1024K, 4 young (4096K), 4 survivors (4096K)
 Metaspace       used 37169K, capacity 38354K, committed 38556K, reserved 1083392K
  class space    used 4665K, capacity 5177K, committed 5196K, reserved 1048576K
}
Event: 11.866 GC heap before
{Heap before GC invocations=14 (full 0):
 garbage-first heap   total 78848K, used 52252K [0x00000000c1800000, 0x0000000100000000)
  region size 1024K, 37 young (37888K), 4 survivors (4096K)
 Metaspace       used 45365K, capacity 46732K, committed 47004K, reserved 1089536K
  class space    used 5617K, capacity 6130K, committed 6220K, reserved 1048576K
}
Event: 11.881 GC heap after
{Heap after GC invocations=15 (full 0):
 garbage-first heap   total 78848K, used 21939K [0x00000000c1800000, 0x0000000100000000)
  region size 1024K, 5 young (5120K), 5 survivors (5120K)
 Metaspace       used 45365K, capacity 46732K, committed 47004K, reserved 1089536K
  class space    used 5617K, capacity 6130K, committed 6220K, reserved 1048576K
}
Event: 12.799 GC heap before
{Heap before GC invocations=15 (full 0):
 garbage-first heap   total 78848K, used 54707K [0x00000000c1800000, 0x0000000100000000)
  region size 1024K, 37 young (37888K), 5 survivors (5120K)
 Metaspace       used 49242K, capacity 50600K, committed 50716K, reserved 1093632K
  class space    used 6272K, capacity 6795K, committed 6860K, reserved 1048576K
}

